********************************************************************************
product = Open Liberty 19.0.0.10 (wlp-1.0.33.cl191020191002-0300)
wlp.install.dir = /home/mohab/microprofile/read-learn-share/rsl/service-a/target/liberty/wlp/
java.home = /usr/lib/jvm/java-11-openjdk-amd64
java.version = 11.0.4
java.runtime = OpenJDK Runtime Environment (11.0.4+11-post-Ubuntu-1ubuntu219.04)
os = Linux (5.0.0-32-generic; amd64) (en_US)
process = 14014@mohab
********************************************************************************
[11/1/19, 19:25:59:548 EET] 00000001 com.ibm.ws.kernel.launch.internal.FrameworkManager           A CWWKE0001I: The server rsl has been launched.
[11/1/19, 19:26:00:033 EET] 00000001 com.ibm.ws.kernel.launch.internal.FrameworkManager           I CWWKE0002I: The kernel started after 0.593 seconds
[11/1/19, 19:26:00:050 EET] 00000023 com.ibm.ws.kernel.feature.internal.FeatureManager            I CWWKF0007I: Feature update started.
[11/1/19, 19:26:00:676 EET] 00000017 com.ibm.ws.security.ready.internal.SecurityReadyServiceImpl  I CWWKS0007I: The security service is starting...
[11/1/19, 19:26:00:703 EET] 00000017 .apache.cxf.cxf.core.3.2:1.0.33.cl191020191002-0300(id=175)] I Aries Blueprint packages not available. So namespaces will not be registered
[11/1/19, 19:26:00:704 EET] 00000017 .apache.cxf.cxf.core.3.2:1.0.33.cl191020191002-0300(id=175)] I Aries Blueprint packages not available. So namespaces will not be registered
[11/1/19, 19:26:00:777 EET] 0000001b com.ibm.ws.app.manager.internal.monitor.DropinMonitor        A CWWKZ0058I: Monitoring dropins for applications.
[11/1/19, 19:26:00:855 EET] 00000028 com.ibm.ws.tcpchannel.internal.TCPChannel                    I CWWKO0219I: TCP Channel defaultHttpEndpoint has been started and is now listening for requests on host localhost  (IPv4: 127.0.0.1) port 8181.
[11/1/19, 19:26:00:884 EET] 0000001f com.ibm.ws.ssl.config.WSKeyStore                             I CWPKI0802I: Creating the SSL certificate. This may take a few seconds.
[11/1/19, 19:26:00:966 EET] 00000017 com.ibm.ws.cache.ServerCache                                 I DYNA1001I: WebSphere Dynamic Cache instance named baseCache initialized successfully.
[11/1/19, 19:26:00:968 EET] 00000017 com.ibm.ws.cache.ServerCache                                 I DYNA1071I: The cache provider default is being used.
[11/1/19, 19:26:00:968 EET] 00000017 com.ibm.ws.cache.CacheServiceImpl                            I DYNA1056I: Dynamic Cache (object cache) initialized successfully.
[11/1/19, 19:26:00:982 EET] 0000002d com.ibm.ws.security.token.ltpa.internal.LTPAKeyInfoManager   I CWWKS4103I: Creating the LTPA keys. This may take a few seconds.
[11/1/19, 19:26:00:999 EET] 00000017 ibm.ws.security.authentication.internal.jaas.JAASServiceImpl I CWWKS1123I: The collective authentication plugin with class name NullCollectiveAuthenticationPlugin has been activated. 
[11/1/19, 19:26:01:151 EET] 00000017 com.ibm.ws.security.jwt.internal.ConsumerImpl                I CWWKS6012I: The JSON Web Token (JWT) consumer service is available.
[11/1/19, 19:26:01:165 EET] 00000017 com.ibm.ws.security.jwt.web.JwtEndpointServices              I CWWKS6002I: The JSON Web Token (JWT) endpoint service is available.
[11/1/19, 19:26:01:175 EET] 00000017 .ws.security.mp.jwt.v11.config.impl.MpConfigProxyServiceImpl I CWWKS5775I: The MicroProfile JWT version 1.1 mpConfigProxy processed successfully.
[11/1/19, 19:26:01:182 EET] 00000017 com.ibm.ws.security.mp.jwt.impl.MicroProfileJwtConfigImpl    I CWWKS5500I: The MicroProfile JWT configuration [jwtUserConsumer] was successfully processed.
[11/1/19, 19:26:01:184 EET] 00000017 com.ibm.ws.security.mp.jwt.impl.MicroProfileJwtConfigImpl    I CWWKS5500I: The MicroProfile JWT configuration [defaultMpJwt] was successfully processed.
[11/1/19, 19:26:01:185 EET] 00000017 com.ibm.ws.security.mp.jwt.impl.MicroProfileJwtServiceImpl   I CWWKS5500I: The MicroProfile JWT configuration [MicroProfileJwtService] was successfully processed.
[11/1/19, 19:26:01:305 EET] 0000002d com.ibm.ws.security.token.ltpa.internal.LTPAKeyInfoManager   A CWWKS4104A: LTPA keys created in 0.322 seconds. LTPA key file: /home/mohab/microprofile/read-learn-share/rsl/service-a/target/liberty/wlp/usr/servers/rsl/resources/security/ltpa.keys
[11/1/19, 19:26:01:308 EET] 0000002d com.ibm.ws.security.token.ltpa.internal.LTPAKeyCreateTask    I CWWKS4105I: LTPA configuration is ready after 0.328 seconds.
[11/1/19, 19:26:01:322 EET] 00000017 com.ibm.ws.session.WASSessionCore                            I SESN8501I: The session manager did not find a persistent storage location; HttpSession objects will be stored in the local application server's memory.
[11/1/19, 19:26:01:413 EET] 0000001f com.ibm.ws.ssl.config.WSKeyStore                             A CWPKI0803A: SSL certificate created in 0.529 seconds. SSL key file: /home/mohab/microprofile/read-learn-share/rsl/service-a/target/liberty/wlp/usr/servers/rsl/resources/security/public.jks
[11/1/19, 19:26:01:414 EET] 0000001f com.ibm.ws.ssl.config.WSKeyStore                             I Successfully loaded default keystore: /home/mohab/microprofile/read-learn-share/rsl/service-a/target/liberty/wlp/usr/servers/rsl/resources/security/public.jks of type: JKS
[11/1/19, 19:26:01:442 EET] 00000034 com.ibm.ws.tcpchannel.internal.TCPChannel                    I CWWKO0219I: TCP Channel defaultHttpEndpoint-ssl has been started and is now listening for requests on host localhost  (IPv4: 127.0.0.1) port 8543.
[11/1/19, 19:26:01:651 EET] 0000003e com.ibm.ws.app.manager.AppMessageHelper                      I CWWKZ0018I: Starting application rsl.
[11/1/19, 19:26:01:652 EET] 0000003e bm.ws.app.manager.war.internal.WARDeployedAppInfoFactoryImpl I CWWKZ0134I: The rsl application is using the loose application definition at the /home/mohab/microprofile/read-learn-share/rsl/service-a/target/liberty/wlp/usr/servers/rsl/apps/rsl.war.xml location.
[11/1/19, 19:26:01:762 EET] 00000039 com.ibm.ws.webcontainer.osgi.webapp.WebGroup                 I SRVE0169I: Loading Web Module: ibm/api.
[11/1/19, 19:26:01:762 EET] 0000003d com.ibm.ws.webcontainer.osgi.webapp.WebGroup                 I SRVE0169I: Loading Web Module: health.
[11/1/19, 19:26:01:762 EET] 0000003a com.ibm.ws.webcontainer.osgi.webapp.WebGroup                 I SRVE0169I: Loading Web Module: PublicMicroProfileMetrics.
[11/1/19, 19:26:01:762 EET] 0000003c com.ibm.ws.webcontainer.osgi.webapp.WebGroup                 I SRVE0169I: Loading Web Module: OpenAPIUI.
[11/1/19, 19:26:01:764 EET] 00000039 com.ibm.ws.webcontainer                                      I SRVE0250I: Web Module ibm/api has been bound to default_host.
[11/1/19, 19:26:01:764 EET] 0000003a com.ibm.ws.webcontainer                                      I SRVE0250I: Web Module PublicMicroProfileMetrics has been bound to default_host.
[11/1/19, 19:26:01:764 EET] 0000003c com.ibm.ws.webcontainer                                      I SRVE0250I: Web Module OpenAPIUI has been bound to default_host.
[11/1/19, 19:26:01:762 EET] 00000038 com.ibm.ws.webcontainer.osgi.webapp.WebGroup                 I SRVE0169I: Loading Web Module: com.ibm.ws.security.jwt.
[11/1/19, 19:26:01:764 EET] 0000003d com.ibm.ws.webcontainer                                      I SRVE0250I: Web Module health has been bound to default_host.
[11/1/19, 19:26:01:765 EET] 00000038 com.ibm.ws.webcontainer                                      I SRVE0250I: Web Module com.ibm.ws.security.jwt has been bound to default_host.
[11/1/19, 19:26:01:765 EET] 00000039 com.ibm.ws.http.internal.VirtualHostImpl                     A CWWKT0016I: Web application available (default_host): http://localhost:8181/ibm/api/
[11/1/19, 19:26:01:769 EET] 00000038 com.ibm.ws.http.internal.VirtualHostImpl                     A CWWKT0016I: Web application available (default_host): http://localhost:8181/jwt/
[11/1/19, 19:26:01:771 EET] 0000003d com.ibm.ws.http.internal.VirtualHostImpl                     A CWWKT0016I: Web application available (default_host): http://localhost:8181/health/
[11/1/19, 19:26:01:772 EET] 0000003c com.ibm.ws.http.internal.VirtualHostImpl                     A CWWKT0016I: Web application available (default_host): http://localhost:8181/openapi/ui/
[11/1/19, 19:26:01:772 EET] 0000003a com.ibm.ws.http.internal.VirtualHostImpl                     A CWWKT0016I: Web application available (default_host): http://localhost:8181/metrics/
[11/1/19, 19:26:01:801 EET] 00000045 com.ibm.ws.session.WASSessionCore                            I SESN0176I: A new session context will be created for application key default_host/openapi/ui
[11/1/19, 19:26:01:801 EET] 00000042 com.ibm.ws.session.WASSessionCore                            I SESN0176I: A new session context will be created for application key default_host/ibm/api
[11/1/19, 19:26:01:801 EET] 0000003b com.ibm.ws.webcontainer.osgi.webapp.WebGroup                 I SRVE0169I: Loading Web Module: MicroProfileOpenAPI.
[11/1/19, 19:26:01:801 EET] 00000043 com.ibm.ws.session.WASSessionCore                            I SESN0176I: A new session context will be created for application key default_host/jwt
[11/1/19, 19:26:01:801 EET] 00000044 com.ibm.ws.session.WASSessionCore                            I SESN0176I: A new session context will be created for application key default_host/health
[11/1/19, 19:26:01:802 EET] 0000003b com.ibm.ws.webcontainer                                      I SRVE0250I: Web Module MicroProfileOpenAPI has been bound to default_host.
[11/1/19, 19:26:01:802 EET] 00000046 com.ibm.ws.session.WASSessionCore                            I SESN0176I: A new session context will be created for application key default_host/metrics
[11/1/19, 19:26:01:802 EET] 0000003b com.ibm.ws.http.internal.VirtualHostImpl                     A CWWKT0016I: Web application available (default_host): http://localhost:8181/openapi/
[11/1/19, 19:26:01:805 EET] 00000026 com.ibm.ws.session.WASSessionCore                            I SESN0176I: A new session context will be created for application key default_host/openapi
[11/1/19, 19:26:01:809 EET] 00000045 com.ibm.ws.util                                              I SESN0172I: The session manager is using the Java default SecureRandom implementation for session ID generation.
[11/1/19, 19:26:01:816 EET] 00000026 com.ibm.ws.util                                              I SESN0172I: The session manager is using the Java default SecureRandom implementation for session ID generation.
[11/1/19, 19:26:01:817 EET] 00000046 com.ibm.ws.util                                              I SESN0172I: The session manager is using the Java default SecureRandom implementation for session ID generation.
[11/1/19, 19:26:01:818 EET] 00000044 com.ibm.ws.util                                              I SESN0172I: The session manager is using the Java default SecureRandom implementation for session ID generation.
[11/1/19, 19:26:01:818 EET] 00000043 com.ibm.ws.util                                              I SESN0172I: The session manager is using the Java default SecureRandom implementation for session ID generation.
[11/1/19, 19:26:01:821 EET] 00000042 com.ibm.ws.util                                              I SESN0172I: The session manager is using the Java default SecureRandom implementation for session ID generation.
[11/1/19, 19:26:01:829 EET] 00000045 com.ibm.ws.cache.CacheServiceImpl                            I DYNA1056I: Dynamic Cache (object cache) initialized successfully.
[11/1/19, 19:26:01:903 EET] 00000026 com.ibm.ws.webcontainer.servlet                              I SRVE0242I: [com.ibm.ws.microprofile.openapi] [/openapi] [OpenAPIServlet]: Initialization successful.
[11/1/19, 19:26:01:907 EET] 00000044 com.ibm.ws.webcontainer.servlet                              I SRVE0242I: [com.ibm.ws.microprofile.health.2.0] [/health] [HealthCheckReadinessServlet]: Initialization successful.
[11/1/19, 19:26:01:908 EET] 00000044 com.ibm.ws.webcontainer.servlet                              I SRVE0242I: [com.ibm.ws.microprofile.health.2.0] [/health] [HealthCheckServlet]: Initialization successful.
[11/1/19, 19:26:01:909 EET] 00000044 com.ibm.ws.webcontainer.servlet                              I SRVE0242I: [com.ibm.ws.microprofile.health.2.0] [/health] [HealthCheckLivenessServlet]: Initialization successful.
[11/1/19, 19:26:01:910 EET] 00000046 com.ibm.ws.webcontainer.servlet                              I SRVE0242I: [com.ibm.ws.microprofile.metrics.public] [/metrics] [PublicMetricsRESTProxyServlet]: Initialization successful.
[11/1/19, 19:26:01:976 EET] 00000047 com.ibm.ws.webcontainer.osgi.mbeans.PluginGenerator          I SRVE9103I: A configuration file for a web server plugin was automatically generated for this server at /home/mohab/microprofile/read-learn-share/rsl/service-a/target/liberty/wlp/usr/servers/rsl/logs/state/plugin-cfg.xml.
[11/1/19, 19:26:01:998 EET] 00000028 com.ibm.ws.webcontainer.osgi.mbeans.PluginGenerator          I SRVE9103I: A configuration file for a web server plugin was automatically generated for this server at /home/mohab/microprofile/read-learn-share/rsl/service-a/target/liberty/wlp/usr/servers/rsl/logs/state/plugin-cfg.xml.
[11/1/19, 19:26:02:332 EET] 0000003e com.ibm.ws.microprofile.openapi.ApplicationProcessor         I CWWKO1660I: The application rsl was processed and an OpenAPI document was produced.
[11/1/19, 19:26:02:347 EET] 0000003e org.jboss.weld.Version                                       I WELD-000900: 3.1.1 (Final)
[11/1/19, 19:26:03:397 EET] 0000003e com.ibm.ws.webcontainer.osgi.webapp.WebGroup                 I SRVE0169I: Loading Web Module: rsl.
[11/1/19, 19:26:03:397 EET] 0000003e com.ibm.ws.webcontainer                                      I SRVE0250I: Web Module rsl has been bound to default_host.
[11/1/19, 19:26:03:397 EET] 0000003e com.ibm.ws.http.internal.VirtualHostImpl                     A CWWKT0016I: Web application available (default_host): http://localhost:8181/
[11/1/19, 19:26:03:399 EET] 0000003e com.ibm.ws.app.manager.AppMessageHelper                      A CWWKZ0001I: Application rsl started in 1.748 seconds.
[11/1/19, 19:26:03:400 EET] 00000046 com.ibm.ws.session.WASSessionCore                            I SESN0176I: A new session context will be created for application key default_host/
[11/1/19, 19:26:03:400 EET] 00000046 com.ibm.ws.util                                              I SESN0172I: The session manager is using the Java default SecureRandom implementation for session ID generation.
[11/1/19, 19:26:03:418 EET] 00000023 com.ibm.ws.kernel.feature.internal.FeatureManager            A CWWKF0012I: The server installed the following features: [appSecurity-2.0, cdi-2.0, concurrent-1.0, distributedMap-1.0, jaxrs-2.1, jaxrsClient-2.1, jndi-1.0, json-1.0, jsonb-1.0, jsonp-1.1, jwt-1.0, microProfile-3.0, mpConfig-1.3, mpFaultTolerance-2.0, mpHealth-2.0, mpJwt-1.1, mpMetrics-2.0, mpOpenAPI-1.1, mpOpenTracing-1.3, mpRestClient-1.3, opentracing-1.3, servlet-4.0, ssl-1.0].
[11/1/19, 19:26:03:418 EET] 00000023 com.ibm.ws.kernel.feature.internal.FeatureManager            I CWWKF0008I: Feature update completed in 3.386 seconds.
[11/1/19, 19:26:03:418 EET] 00000023 com.ibm.ws.kernel.feature.internal.FeatureManager            A CWWKF0011I: The rsl server is ready to run a smarter planet. The rsl server started in 3.980 seconds.
[11/1/19, 19:26:03:492 EET] 0000002e com.ibm.ws.webcontainer.osgi.mbeans.PluginGenerator          I SRVE9103I: A configuration file for a web server plugin was automatically generated for this server at /home/mohab/microprofile/read-learn-share/rsl/service-a/target/liberty/wlp/usr/servers/rsl/logs/state/plugin-cfg.xml.
[11/1/19, 19:26:17:278 EET] 0000006a com.ibm.ws.security.mp.jwt.tai.MicroProfileJwtTAI            E CWWKS5522E: The MicroProfile JWT feature cannot perform authentication because a MicroProfile JWT cannot be found in the request.
[11/1/19, 19:26:17:303 EET] 00000062 com.ibm.ws.security.mp.jwt.tai.MicroProfileJwtTAI            E CWWKS5522E: The MicroProfile JWT feature cannot perform authentication because a MicroProfile JWT cannot be found in the request.
[11/1/19, 19:26:17:305 EET] 00000062 com.ibm.ws.webcontainer.extension                            W SRVE0190E: File not found: /favicon.ico
[11/1/19, 19:26:19:874 EET] 0000007c com.ibm.ws.security.mp.jwt.tai.MicroProfileJwtTAI            E CWWKS5522E: The MicroProfile JWT feature cannot perform authentication because a MicroProfile JWT cannot be found in the request.
[11/1/19, 19:26:19:936 EET] 0000007c .apache.cxf.cxf.core.3.2:1.0.33.cl191020191002-0300(id=175)] I Setting the server's publish address to be /data/
[11/1/19, 19:26:19:978 EET] 0000007c com.ibm.ws.webcontainer.servlet                              I SRVE0242I: [rsl] [/] [com.read_share_learn.rsl.RslRestApplication]: Initialization successful.
[11/1/19, 19:26:19:999 EET] 0000007c com.ibm.ws.opentracing.OpentracingUserFeatureAccessService   E CWMOT0008E: OpenTracing cannot track JAX-RS requests because an OpentracingTracerFactory class was not provided.
[11/1/19, 19:26:24:602 EET] 0000007e com.ibm.ws.security.mp.jwt.tai.MicroProfileJwtTAI            E CWWKS5522E: The MicroProfile JWT feature cannot perform authentication because a MicroProfile JWT cannot be found in the request.
[11/1/19, 19:26:33:949 EET] 0000009f com.ibm.ws.security.mp.jwt.tai.MicroProfileJwtTAI            E CWWKS5522E: The MicroProfile JWT feature cannot perform authentication because a MicroProfile JWT cannot be found in the request.
[11/1/19, 19:26:37:062 EET] 000000b6 com.ibm.ws.security.mp.jwt.tai.MicroProfileJwtTAI            E CWWKS5522E: The MicroProfile JWT feature cannot perform authentication because a MicroProfile JWT cannot be found in the request.
[11/1/19, 19:26:37:319 EET] 000000b6 .apache.cxf.cxf.core.3.2:1.0.33.cl191020191002-0300(id=175)] W Interceptor for {http://localhost:8281/data/protected}WebClient has thrown exception, unwinding now
org.apache.cxf.interceptor.Fault: Could not send Message.
	at org.apache.cxf.interceptor.MessageSenderInterceptor$MessageSenderEndingInterceptor.handleMessage(MessageSenderInterceptor.java:67)
	at org.apache.cxf.phase.PhaseInterceptorChain.doIntercept(PhaseInterceptorChain.java:308)
	at org.apache.cxf.jaxrs.client.AbstractClient.doRunInterceptorChain(AbstractClient.java:712)
	at org.apache.cxf.jaxrs.client.WebClient.doChainedInvocation(WebClient.java:1056)
	at org.apache.cxf.jaxrs.client.WebClient.doInvoke(WebClient.java:902)
	at org.apache.cxf.jaxrs.client.WebClient.doInvoke(WebClient.java:871)
	at org.apache.cxf.jaxrs.client.WebClient.invoke(WebClient.java:431)
	at org.apache.cxf.jaxrs.client.SyncInvokerImpl.method(SyncInvokerImpl.java:150)
	at org.apache.cxf.jaxrs.client.SyncInvokerImpl.method(SyncInvokerImpl.java:145)
	at org.apache.cxf.jaxrs.client.spec.InvocationBuilderImpl.method(InvocationBuilderImpl.java:127)
	at org.apache.cxf.jaxrs.client.spec.InvocationBuilderImpl$InvocationImpl.invoke(InvocationBuilderImpl.java:354)
	at com.read_share_learn.rsl.secure.TestSecureController.testSecureCall(TestSecureController.java:44)
	at com.read_share_learn.rsl.secure.TestSecureController$Proxy$_$$_WeldClientProxy.testSecureCall(Unknown Source)
	at jdk.internal.reflect.GeneratedMethodAccessor749.invoke(Unknown Source)
	at java.base/java.lang.reflect.Method.invoke(Method.java:566)
	at com.ibm.ws.jaxrs20.server.LibertyJaxRsServerFactoryBean.performInvocation(LibertyJaxRsServerFactoryBean.java:656)
	at com.ibm.ws.jaxrs20.server.LibertyJaxRsInvoker.performInvocation(LibertyJaxRsInvoker.java:160)
	at org.apache.cxf.service.invoker.AbstractInvoker.invoke(AbstractInvoker.java:96)
	at com.ibm.ws.jaxrs20.server.LibertyJaxRsInvoker.invoke(LibertyJaxRsInvoker.java:273)
	at org.apache.cxf.jaxrs.JAXRSInvoker.invoke(JAXRSInvoker.java:205)
	at com.ibm.ws.jaxrs20.server.LibertyJaxRsInvoker.invoke(LibertyJaxRsInvoker.java:444)
	at org.apache.cxf.jaxrs.JAXRSInvoker.invoke(JAXRSInvoker.java:111)
	at org.apache.cxf.interceptor.ServiceInvokerInterceptor$1.run(ServiceInvokerInterceptor.java:61)
	at org.apache.cxf.interceptor.ServiceInvokerInterceptor.handleMessage(ServiceInvokerInterceptor.java:99)
	at org.apache.cxf.phase.PhaseInterceptorChain.doIntercept(PhaseInterceptorChain.java:308)
	at org.apache.cxf.transport.ChainInitiationObserver.onMessage(ChainInitiationObserver.java:124)
	at org.apache.cxf.transport.http.AbstractHTTPDestination.invoke(AbstractHTTPDestination.java:275)
	at com.ibm.ws.jaxrs20.endpoint.AbstractJaxRsWebEndpoint.invoke(AbstractJaxRsWebEndpoint.java:134)
	at com.ibm.websphere.jaxrs.server.IBMRestServlet.handleRequest(IBMRestServlet.java:146)
	at com.ibm.websphere.jaxrs.server.IBMRestServlet.doGet(IBMRestServlet.java:112)
	at javax.servlet.http.HttpServlet.service(HttpServlet.java:686)
	at com.ibm.websphere.jaxrs.server.IBMRestServlet.service(IBMRestServlet.java:96)
	at com.ibm.ws.webcontainer.servlet.ServletWrapper.service(ServletWrapper.java:1230)
	at com.ibm.ws.webcontainer.servlet.ServletWrapper.handleRequest(ServletWrapper.java:729)
	at com.ibm.ws.webcontainer.servlet.ServletWrapper.handleRequest(ServletWrapper.java:426)
	at com.ibm.ws.webcontainer.filter.WebAppFilterManager.invokeFilters(WebAppFilterManager.java:1218)
	at com.ibm.ws.webcontainer.webapp.WebApp.handleRequest(WebApp.java:4993)
	at com.ibm.ws.webcontainer.osgi.DynamicVirtualHost$2.handleRequest(DynamicVirtualHost.java:314)
	at com.ibm.ws.webcontainer.WebContainer.handleRequest(WebContainer.java:1007)
	at com.ibm.ws.webcontainer.osgi.DynamicVirtualHost$2.run(DynamicVirtualHost.java:279)
	at com.ibm.ws.http.dispatcher.internal.channel.HttpDispatcherLink$TaskWrapper.run(HttpDispatcherLink.java:1136)
	at com.ibm.ws.http.dispatcher.internal.channel.HttpDispatcherLink.wrapHandlerAndExecute(HttpDispatcherLink.java:417)
	at com.ibm.ws.http.dispatcher.internal.channel.HttpDispatcherLink.ready(HttpDispatcherLink.java:376)
	at com.ibm.ws.http.channel.internal.inbound.HttpInboundLink.handleDiscrimination(HttpInboundLink.java:547)
	at com.ibm.ws.http.channel.internal.inbound.HttpInboundLink.handleNewRequest(HttpInboundLink.java:481)
	at com.ibm.ws.http.channel.internal.inbound.HttpInboundLink.processRequest(HttpInboundLink.java:346)
	at com.ibm.ws.http.channel.internal.inbound.HttpICLReadCallback.complete(HttpICLReadCallback.java:70)
	at com.ibm.ws.tcpchannel.internal.WorkQueueManager.requestComplete(WorkQueueManager.java:503)
	at com.ibm.ws.tcpchannel.internal.WorkQueueManager.attemptIO(WorkQueueManager.java:573)
	at com.ibm.ws.tcpchannel.internal.WorkQueueManager.workerRun(WorkQueueManager.java:954)
	at com.ibm.ws.tcpchannel.internal.WorkQueueManager$Worker.run(WorkQueueManager.java:1043)
	at com.ibm.ws.threading.internal.ExecutorServiceImpl$RunnableWrapper.run(ExecutorServiceImpl.java:239)
	at java.base/java.util.concurrent.ThreadPoolExecutor.runWorker(ThreadPoolExecutor.java:1128)
	at java.base/java.util.concurrent.ThreadPoolExecutor$Worker.run(ThreadPoolExecutor.java:628)
	at java.base/java.lang.Thread.run(Thread.java:834)
Caused by: java.net.ConnectException: ConnectException invoking http://localhost:8281/data/protected: Connection refused (Connection refused)
	at java.base/jdk.internal.reflect.GeneratedConstructorAccessor1393.newInstance(Unknown Source)
	at java.base/java.lang.reflect.Constructor.newInstance(Constructor.java:490)
	at org.apache.cxf.transport.http.HTTPConduit$WrappedOutputStream.mapException(HTTPConduit.java:1451)
	at org.apache.cxf.transport.http.HTTPConduit$WrappedOutputStream.close(HTTPConduit.java:1434)
	at org.apache.cxf.io.AbstractWrappedOutputStream.close(AbstractWrappedOutputStream.java:77)
	at org.apache.cxf.transport.AbstractConduit.close(AbstractConduit.java:56)
	at org.apache.cxf.transport.http.HTTPConduit.close(HTTPConduit.java:689)
	at org.apache.cxf.interceptor.MessageSenderInterceptor$MessageSenderEndingInterceptor.handleMessage(MessageSenderInterceptor.java:63)
	... 54 more
Caused by: java.net.ConnectException: Connection refused (Connection refused)
	at java.base/java.net.PlainSocketImpl.socketConnect(Native Method)
	at java.base/java.net.AbstractPlainSocketImpl.doConnect(AbstractPlainSocketImpl.java:399)
	at java.base/java.net.AbstractPlainSocketImpl.connectToAddress(AbstractPlainSocketImpl.java:242)
	at java.base/java.net.AbstractPlainSocketImpl.connect(AbstractPlainSocketImpl.java:224)
	at java.base/java.net.Socket.connect(Socket.java:591)
	at java.base/sun.net.NetworkClient.doConnect(NetworkClient.java:177)
	at java.base/sun.net.www.http.HttpClient.openServer(HttpClient.java:474)
	at java.base/sun.net.www.http.HttpClient.openServer(HttpClient.java:569)
	at java.base/sun.net.www.http.HttpClient.<init>(HttpClient.java:242)
	at java.base/sun.net.www.http.HttpClient.New(HttpClient.java:341)
	at java.base/sun.net.www.http.HttpClient.New(HttpClient.java:362)
	at java.base/sun.net.www.protocol.http.HttpURLConnection.getNewHttpClient(HttpURLConnection.java:1248)
	at java.base/sun.net.www.protocol.http.HttpURLConnection.plainConnect0(HttpURLConnection.java:1227)
	at java.base/sun.net.www.protocol.http.HttpURLConnection.plainConnect(HttpURLConnection.java:1081)
	at java.base/sun.net.www.protocol.http.HttpURLConnection.connect(HttpURLConnection.java:1015)
	at java.base/sun.net.www.protocol.http.HttpURLConnection.getInputStream0(HttpURLConnection.java:1587)
	at java.base/sun.net.www.protocol.http.HttpURLConnection.getInputStream(HttpURLConnection.java:1515)
	at java.base/java.net.HttpURLConnection.getResponseCode(HttpURLConnection.java:527)
	at org.apache.cxf.transport.http.URLConnectionHTTPConduit$URLConnectionWrappedOutputStream$2.run(URLConnectionHTTPConduit.java:408)
	at org.apache.cxf.transport.http.URLConnectionHTTPConduit$URLConnectionWrappedOutputStream$2.run(URLConnectionHTTPConduit.java:404)
	at java.base/java.security.AccessController.doPrivileged(Native Method)
	at org.apache.cxf.transport.http.URLConnectionHTTPConduit$URLConnectionWrappedOutputStream.getResponseCode(URLConnectionHTTPConduit.java:404)
	at org.apache.cxf.transport.http.HTTPConduit$WrappedOutputStream.doProcessResponseCode(HTTPConduit.java:1651)
	at org.apache.cxf.transport.http.HTTPConduit$WrappedOutputStream.handleResponseInternal(HTTPConduit.java:1679)
	at org.apache.cxf.transport.http.HTTPConduit$WrappedOutputStream.handleResponse(HTTPConduit.java:1624)
	at org.apache.cxf.transport.http.HTTPConduit$WrappedOutputStream.close(HTTPConduit.java:1421)
	... 58 more

[11/1/19, 19:26:45:710 EET] 000000a6 com.ibm.ws.security.mp.jwt.tai.MicroProfileJwtTAI            E CWWKS5522E: The MicroProfile JWT feature cannot perform authentication because a MicroProfile JWT cannot be found in the request.
[11/1/19, 19:33:43:044 EET] 000003a8 com.ibm.ws.http.internal.VirtualHostImpl                     A CWWKT0017I: Web application removed (default_host): http://localhost:8181/
[11/1/19, 19:33:43:048 EET] 000003a8 com.ibm.ws.webcontainer.servlet                              I SRVE0253I: [rsl] [/] [com.read_share_learn.rsl.RslRestApplication]: Destroy successful.
[11/1/19, 19:33:43:079 EET] 000003a8 com.ibm.ws.app.manager.AppMessageHelper                      A CWWKZ0009I: The application rsl has stopped successfully.
[11/1/19, 19:33:43:083 EET] 000003a8 com.ibm.ws.app.manager.AppMessageHelper                      I CWWKZ0018I: Starting application rsl.
[11/1/19, 19:33:43:083 EET] 000003a8 bm.ws.app.manager.war.internal.WARDeployedAppInfoFactoryImpl I CWWKZ0134I: The rsl application is using the loose application definition at the /home/mohab/microprofile/read-learn-share/rsl/service-a/target/liberty/wlp/usr/servers/rsl/apps/rsl.war.xml location.
[11/1/19, 19:33:43:093 EET] 000003b2 com.ibm.ws.webcontainer.osgi.mbeans.PluginGenerator          I SRVE9103I: A configuration file for a web server plugin was automatically generated for this server at /home/mohab/microprofile/read-learn-share/rsl/service-a/target/liberty/wlp/usr/servers/rsl/logs/state/plugin-cfg.xml.
[11/1/19, 19:33:43:327 EET] 000003a8 com.ibm.ws.microprofile.openapi.ApplicationProcessor         I CWWKO1660I: The application rsl was processed and an OpenAPI document was produced.
[11/1/19, 19:33:43:900 EET] 000003a8 com.ibm.ws.webcontainer.osgi.webapp.WebGroup                 I SRVE0169I: Loading Web Module: rsl.
[11/1/19, 19:33:43:901 EET] 000003a8 com.ibm.ws.webcontainer                                      I SRVE0250I: Web Module rsl has been bound to default_host.
[11/1/19, 19:33:43:901 EET] 000003a8 com.ibm.ws.http.internal.VirtualHostImpl                     A CWWKT0016I: Web application available (default_host): http://localhost:8181/
[11/1/19, 19:33:43:901 EET] 000003a8 com.ibm.ws.app.manager.AppMessageHelper                      A CWWKZ0003I: The application rsl updated in 0.818 seconds.
[11/1/19, 19:33:43:901 EET] 00000351 com.ibm.ws.session.WASSessionCore                            I SESN0176I: A new session context will be created for application key default_host/
[11/1/19, 19:33:43:902 EET] 00000351 com.ibm.ws.util                                              I SESN0172I: The session manager is using the Java default SecureRandom implementation for session ID generation.
[11/1/19, 19:33:43:912 EET] 00000387 com.ibm.ws.webcontainer.osgi.mbeans.PluginGenerator          I SRVE9103I: A configuration file for a web server plugin was automatically generated for this server at /home/mohab/microprofile/read-learn-share/rsl/service-a/target/liberty/wlp/usr/servers/rsl/logs/state/plugin-cfg.xml.
[11/1/19, 19:34:02:578 EET] 000003e4 com.ibm.ws.http.internal.VirtualHostImpl                     A CWWKT0017I: Web application removed (default_host): http://localhost:8181/
[11/1/19, 19:34:02:586 EET] 000003e4 com.ibm.ws.app.manager.AppMessageHelper                      A CWWKZ0009I: The application rsl has stopped successfully.
[11/1/19, 19:34:02:588 EET] 000003e4 com.ibm.ws.app.manager.AppMessageHelper                      I CWWKZ0018I: Starting application rsl.
[11/1/19, 19:34:02:588 EET] 000003e4 bm.ws.app.manager.war.internal.WARDeployedAppInfoFactoryImpl I CWWKZ0134I: The rsl application is using the loose application definition at the /home/mohab/microprofile/read-learn-share/rsl/service-a/target/liberty/wlp/usr/servers/rsl/apps/rsl.war.xml location.
[11/1/19, 19:34:02:598 EET] 000003eb com.ibm.ws.webcontainer.osgi.mbeans.PluginGenerator          I SRVE9103I: A configuration file for a web server plugin was automatically generated for this server at /home/mohab/microprofile/read-learn-share/rsl/service-a/target/liberty/wlp/usr/servers/rsl/logs/state/plugin-cfg.xml.
[11/1/19, 19:34:02:809 EET] 000003e4 com.ibm.ws.microprofile.openapi.ApplicationProcessor         I CWWKO1660I: The application rsl was processed and an OpenAPI document was produced.
[11/1/19, 19:34:03:317 EET] 000003e4 com.ibm.ws.webcontainer.osgi.webapp.WebGroup                 I SRVE0169I: Loading Web Module: rsl.
[11/1/19, 19:34:03:318 EET] 000003e4 com.ibm.ws.webcontainer                                      I SRVE0250I: Web Module rsl has been bound to default_host.
[11/1/19, 19:34:03:318 EET] 000003e4 com.ibm.ws.http.internal.VirtualHostImpl                     A CWWKT0016I: Web application available (default_host): http://localhost:8181/
[11/1/19, 19:34:03:318 EET] 000003e4 com.ibm.ws.app.manager.AppMessageHelper                      A CWWKZ0003I: The application rsl updated in 0.730 seconds.
[11/1/19, 19:34:03:318 EET] 000003c3 com.ibm.ws.session.WASSessionCore                            I SESN0176I: A new session context will be created for application key default_host/
[11/1/19, 19:34:03:319 EET] 000003c3 com.ibm.ws.util                                              I SESN0172I: The session manager is using the Java default SecureRandom implementation for session ID generation.
[11/1/19, 19:34:03:342 EET] 000003d0 com.ibm.ws.webcontainer.osgi.mbeans.PluginGenerator          I SRVE9103I: A configuration file for a web server plugin was automatically generated for this server at /home/mohab/microprofile/read-learn-share/rsl/service-a/target/liberty/wlp/usr/servers/rsl/logs/state/plugin-cfg.xml.
[11/1/19, 19:34:34:072 EET] 0000043d com.ibm.ws.security.mp.jwt.tai.MicroProfileJwtTAI            E CWWKS5522E: The MicroProfile JWT feature cannot perform authentication because a MicroProfile JWT cannot be found in the request.
[11/1/19, 19:34:34:081 EET] 0000043d .apache.cxf.cxf.core.3.2:1.0.33.cl191020191002-0300(id=175)] I Setting the server's publish address to be /read_learn_share/
[11/1/19, 19:34:34:088 EET] 0000043d com.ibm.ws.webcontainer.servlet                              I SRVE0242I: [rsl] [/] [com.read_share_learn.rsl.RslRestApplication]: Initialization successful.
[11/1/19, 19:36:51:553 EET] 000004ef com.ibm.ws.security.mp.jwt.tai.MicroProfileJwtTAI            E CWWKS5522E: The MicroProfile JWT feature cannot perform authentication because a MicroProfile JWT cannot be found in the request.
[11/1/19, 19:37:21:585 EET] 00000539 com.ibm.ws.http.internal.VirtualHostImpl                     A CWWKT0017I: Web application removed (default_host): http://localhost:8181/
[11/1/19, 19:37:21:588 EET] 00000539 com.ibm.ws.webcontainer.servlet                              I SRVE0253I: [rsl] [/] [com.read_share_learn.rsl.RslRestApplication]: Destroy successful.
[11/1/19, 19:37:21:608 EET] 00000539 com.ibm.ws.app.manager.AppMessageHelper                      A CWWKZ0009I: The application rsl has stopped successfully.
[11/1/19, 19:37:21:619 EET] 00000539 com.ibm.ws.app.manager.AppMessageHelper                      I CWWKZ0018I: Starting application rsl.
[11/1/19, 19:37:21:620 EET] 00000539 bm.ws.app.manager.war.internal.WARDeployedAppInfoFactoryImpl I CWWKZ0134I: The rsl application is using the loose application definition at the /home/mohab/microprofile/read-learn-share/rsl/service-a/target/liberty/wlp/usr/servers/rsl/apps/rsl.war.xml location.
[11/1/19, 19:37:21:635 EET] 0000053a com.ibm.ws.webcontainer.osgi.mbeans.PluginGenerator          I SRVE9103I: A configuration file for a web server plugin was automatically generated for this server at /home/mohab/microprofile/read-learn-share/rsl/service-a/target/liberty/wlp/usr/servers/rsl/logs/state/plugin-cfg.xml.
[11/1/19, 19:37:21:857 EET] 00000539 com.ibm.ws.microprofile.openapi.ApplicationProcessor         I CWWKO1660I: The application rsl was processed and an OpenAPI document was produced.
[11/1/19, 19:37:22:341 EET] 00000539 com.ibm.ws.webcontainer.osgi.webapp.WebGroup                 I SRVE0169I: Loading Web Module: rsl.
[11/1/19, 19:37:22:341 EET] 00000539 com.ibm.ws.webcontainer                                      I SRVE0250I: Web Module rsl has been bound to default_host.
[11/1/19, 19:37:22:341 EET] 00000539 com.ibm.ws.http.internal.VirtualHostImpl                     A CWWKT0016I: Web application available (default_host): http://localhost:8181/
[11/1/19, 19:37:22:342 EET] 00000539 com.ibm.ws.app.manager.AppMessageHelper                      A CWWKZ0003I: The application rsl updated in 0.722 seconds.
[11/1/19, 19:37:22:342 EET] 00000505 com.ibm.ws.session.WASSessionCore                            I SESN0176I: A new session context will be created for application key default_host/
[11/1/19, 19:37:22:342 EET] 00000505 com.ibm.ws.util                                              I SESN0172I: The session manager is using the Java default SecureRandom implementation for session ID generation.
[11/1/19, 19:37:22:352 EET] 00000480 com.ibm.ws.webcontainer.osgi.mbeans.PluginGenerator          I SRVE9103I: A configuration file for a web server plugin was automatically generated for this server at /home/mohab/microprofile/read-learn-share/rsl/service-a/target/liberty/wlp/usr/servers/rsl/logs/state/plugin-cfg.xml.
[11/1/19, 19:37:30:235 EET] 0000055d com.ibm.ws.security.mp.jwt.tai.MicroProfileJwtTAI            E CWWKS5522E: The MicroProfile JWT feature cannot perform authentication because a MicroProfile JWT cannot be found in the request.
[11/1/19, 19:37:30:240 EET] 0000055d .apache.cxf.cxf.core.3.2:1.0.33.cl191020191002-0300(id=175)] I Setting the server's publish address to be /read_learn_share/
[11/1/19, 19:37:30:243 EET] 0000055d com.ibm.ws.webcontainer.servlet                              I SRVE0242I: [rsl] [/] [com.read_share_learn.rsl.RslRestApplication]: Initialization successful.
[11/1/19, 19:37:38:612 EET] 0000056e com.ibm.ws.http.internal.VirtualHostImpl                     A CWWKT0017I: Web application removed (default_host): http://localhost:8181/
[11/1/19, 19:37:38:613 EET] 0000056e com.ibm.ws.webcontainer.servlet                              I SRVE0253I: [rsl] [/] [com.read_share_learn.rsl.RslRestApplication]: Destroy successful.
[11/1/19, 19:37:38:616 EET] 0000056e com.ibm.ws.app.manager.AppMessageHelper                      A CWWKZ0009I: The application rsl has stopped successfully.
[11/1/19, 19:37:38:618 EET] 0000056e com.ibm.ws.app.manager.AppMessageHelper                      I CWWKZ0018I: Starting application rsl.
[11/1/19, 19:37:38:618 EET] 0000056e bm.ws.app.manager.war.internal.WARDeployedAppInfoFactoryImpl I CWWKZ0134I: The rsl application is using the loose application definition at the /home/mohab/microprofile/read-learn-share/rsl/service-a/target/liberty/wlp/usr/servers/rsl/apps/rsl.war.xml location.
[11/1/19, 19:37:38:625 EET] 00000567 com.ibm.ws.webcontainer.osgi.mbeans.PluginGenerator          I SRVE9103I: A configuration file for a web server plugin was automatically generated for this server at /home/mohab/microprofile/read-learn-share/rsl/service-a/target/liberty/wlp/usr/servers/rsl/logs/state/plugin-cfg.xml.
[11/1/19, 19:37:38:836 EET] 0000056e com.ibm.ws.microprofile.openapi.ApplicationProcessor         I CWWKO1660I: The application rsl was processed and an OpenAPI document was produced.
[11/1/19, 19:37:39:289 EET] 0000056e com.ibm.ws.webcontainer.osgi.webapp.WebGroup                 I SRVE0169I: Loading Web Module: rsl.
[11/1/19, 19:37:39:289 EET] 0000056e com.ibm.ws.webcontainer                                      I SRVE0250I: Web Module rsl has been bound to default_host.
[11/1/19, 19:37:39:289 EET] 0000056e com.ibm.ws.http.internal.VirtualHostImpl                     A CWWKT0016I: Web application available (default_host): http://localhost:8181/
[11/1/19, 19:37:39:289 EET] 0000056e com.ibm.ws.app.manager.AppMessageHelper                      A CWWKZ0003I: The application rsl updated in 0.671 seconds.
[11/1/19, 19:37:39:289 EET] 0000053a com.ibm.ws.session.WASSessionCore                            I SESN0176I: A new session context will be created for application key default_host/
[11/1/19, 19:37:39:290 EET] 0000053a com.ibm.ws.util                                              I SESN0172I: The session manager is using the Java default SecureRandom implementation for session ID generation.
[11/1/19, 19:37:39:302 EET] 0000056f com.ibm.ws.webcontainer.osgi.mbeans.PluginGenerator          I SRVE9103I: A configuration file for a web server plugin was automatically generated for this server at /home/mohab/microprofile/read-learn-share/rsl/service-a/target/liberty/wlp/usr/servers/rsl/logs/state/plugin-cfg.xml.
[11/1/19, 19:37:40:422 EET] 00000568 com.ibm.ws.security.mp.jwt.tai.MicroProfileJwtTAI            E CWWKS5522E: The MicroProfile JWT feature cannot perform authentication because a MicroProfile JWT cannot be found in the request.
[11/1/19, 19:37:40:430 EET] 00000568 .apache.cxf.cxf.core.3.2:1.0.33.cl191020191002-0300(id=175)] I Setting the server's publish address to be /read_learn_share/
[11/1/19, 19:37:40:434 EET] 00000568 com.ibm.ws.webcontainer.servlet                              I SRVE0242I: [rsl] [/] [com.read_share_learn.rsl.RslRestApplication]: Initialization successful.
[11/2/19, 0:05:52:669 EET] 00008bb8 com.ibm.ws.config.xml.internal.ConfigRefresher               A CWWKG0016I: Starting server configuration update.
[11/2/19, 0:05:52:692 EET] 00008bb8 com.ibm.ws.config.xml.internal.ConfigUpdater                 E CWWKG0075E: The value ${default.http.port} is not valid for attribute httpPort of configuration element httpEndpoint. The validation message was: Value "${default.http.port}" is not a number..
[11/2/19, 0:05:52:693 EET] 00008bb8 com.ibm.ws.config.xml.internal.ConfigUpdater                 W CWWKG0076W: The previous configuration for httpEndpoint with id defaultHttpEndpoint is still in use.
[11/2/19, 0:05:52:701 EET] 00008b3f com.ibm.ws.config.xml.internal.ConfigRefresher               A CWWKG0017I: The server configuration was successfully updated in 0.035 seconds.
[11/2/19, 0:06:36:230 EET] 00008c3b com.ibm.ws.http.internal.VirtualHostImpl                     A CWWKT0017I: Web application removed (default_host): http://localhost:8181/
[11/2/19, 0:06:36:233 EET] 00008c3b com.ibm.ws.webcontainer.servlet                              I SRVE0253I: [rsl] [/] [com.read_share_learn.rsl.RslRestApplication]: Destroy successful.
[11/2/19, 0:06:36:247 EET] 00008c3b com.ibm.ws.app.manager.AppMessageHelper                      A CWWKZ0009I: The application rsl has stopped successfully.
[11/2/19, 0:06:36:252 EET] 00008c3b com.ibm.ws.app.manager.AppMessageHelper                      I CWWKZ0018I: Starting application rsl.
[11/2/19, 0:06:36:252 EET] 00008c3b bm.ws.app.manager.war.internal.WARDeployedAppInfoFactoryImpl I CWWKZ0134I: The rsl application is using the loose application definition at the /home/mohab/microprofile/read-learn-share/rsl/service-a/target/liberty/wlp/usr/servers/rsl/apps/rsl.war.xml location.
[11/2/19, 0:06:36:266 EET] 00008c3f com.ibm.ws.webcontainer.osgi.mbeans.PluginGenerator          I SRVE9103I: A configuration file for a web server plugin was automatically generated for this server at /home/mohab/microprofile/read-learn-share/rsl/service-a/target/liberty/wlp/usr/servers/rsl/logs/state/plugin-cfg.xml.
[11/2/19, 0:06:36:428 EET] 00008c3e com.ibm.ws.config.xml.internal.ConfigRefresher               A CWWKG0016I: Starting server configuration update.
[11/2/19, 0:06:36:430 EET] 00008c3e com.ibm.ws.config.xml.internal.ConfigRefresher               A CWWKG0018I: The server configuration was not updated. No functional changes were detected.
[11/2/19, 0:06:36:445 EET] 00008c3b com.ibm.ws.microprofile.openapi.ApplicationProcessor         I CWWKO1660I: The application rsl was processed and an OpenAPI document was produced.
[11/2/19, 0:06:36:884 EET] 00008c3b com.ibm.ws.webcontainer.osgi.webapp.WebGroup                 I SRVE0169I: Loading Web Module: rsl.
[11/2/19, 0:06:36:884 EET] 00008c3b com.ibm.ws.webcontainer                                      I SRVE0250I: Web Module rsl has been bound to default_host.
[11/2/19, 0:06:36:884 EET] 00008c3b com.ibm.ws.http.internal.VirtualHostImpl                     A CWWKT0016I: Web application available (default_host): http://localhost:8181/
[11/2/19, 0:06:36:884 EET] 00008c3b com.ibm.ws.app.manager.AppMessageHelper                      A CWWKZ0003I: The application rsl updated in 0.632 seconds.
[11/2/19, 0:06:36:884 EET] 00008c43 com.ibm.ws.session.WASSessionCore                            I SESN0176I: A new session context will be created for application key default_host/
[11/2/19, 0:06:36:885 EET] 00008c43 com.ibm.ws.util                                              I SESN0172I: The session manager is using the Java default SecureRandom implementation for session ID generation.
[11/2/19, 0:06:36:894 EET] 00008c21 com.ibm.ws.webcontainer.osgi.mbeans.PluginGenerator          I SRVE9103I: A configuration file for a web server plugin was automatically generated for this server at /home/mohab/microprofile/read-learn-share/rsl/service-a/target/liberty/wlp/usr/servers/rsl/logs/state/plugin-cfg.xml.
